<?xml version="1.0" encoding="UTF-8"?>
<testsuite xmlns:xsi="http://www.w3.org/2001/XMLSchema-instance" xsi:noNamespaceSchemaLocation="https://maven.apache.org/surefire/maven-surefire-plugin/xsd/surefire-test-report.xsd" name="com.csi.service.NoticeServiceTest" time="0.323" tests="12" errors="0" skipped="0" failures="0">
  <properties>
    <property name="sun.desktop" value="windows"/>
    <property name="awt.toolkit" value="sun.awt.windows.WToolkit"/>
    <property name="java.specification.version" value="11"/>
    <property name="sun.cpu.isalist" value="amd64"/>
    <property name="sun.jnu.encoding" value="GBK"/>
    <property name="java.class.path" value="E:\workbench\java\csi_demo\target\test-classes;E:\workbench\java\csi_demo\target\classes;D:\develop_application\Java\maven_repo\localrepo\junit\junit\4.12\junit-4.12.jar;D:\develop_application\Java\maven_repo\localrepo\org\hamcrest\hamcrest-core\1.3\hamcrest-core-1.3.jar;D:\develop_application\Java\maven_repo\localrepo\com\alibaba\fastjson\1.2.61\fastjson-1.2.61.jar;D:\develop_application\Java\maven_repo\localrepo\com\github\pagehelper\pagehelper\5.1.4\pagehelper-5.1.4.jar;D:\develop_application\Java\maven_repo\localrepo\com\github\jsqlparser\jsqlparser\1.0\jsqlparser-1.0.jar;D:\develop_application\Java\maven_repo\localrepo\javax\annotation\javax.annotation-api\1.3.1\javax.annotation-api-1.3.1.jar;D:\develop_application\Java\maven_repo\localrepo\org\slf4j\slf4j-api\1.7.12\slf4j-api-1.7.12.jar;D:\develop_application\Java\maven_repo\localrepo\ch\qos\logback\logback-core\1.1.1\logback-core-1.1.1.jar;D:\develop_application\Java\maven_repo\localrepo\ch\qos\logback\logback-classic\1.1.1\logback-classic-1.1.1.jar;D:\develop_application\Java\maven_repo\localrepo\mysql\mysql-connector-java\8.0.17\mysql-connector-java-8.0.17.jar;D:\develop_application\Java\maven_repo\localrepo\com\google\protobuf\protobuf-java\3.6.1\protobuf-java-3.6.1.jar;D:\develop_application\Java\maven_repo\localrepo\c3p0\c3p0\0.9.1.2\c3p0-0.9.1.2.jar;D:\develop_application\Java\maven_repo\localrepo\org\mybatis\mybatis\3.3.0\mybatis-3.3.0.jar;D:\develop_application\Java\maven_repo\localrepo\org\mybatis\mybatis-spring\1.2.3\mybatis-spring-1.2.3.jar;D:\develop_application\Java\maven_repo\localrepo\taglibs\standard\1.1.2\standard-1.1.2.jar;D:\develop_application\Java\maven_repo\localrepo\jstl\jstl\1.2\jstl-1.2.jar;D:\develop_application\Java\maven_repo\localrepo\com\fasterxml\jackson\core\jackson-databind\2.9.9.3\jackson-databind-2.9.9.3.jar;D:\develop_application\Java\maven_repo\localrepo\com\fasterxml\jackson\core\jackson-annotations\2.9.0\jackson-annotations-2.9.0.jar;D:\develop_application\Java\maven_repo\localrepo\com\fasterxml\jackson\core\jackson-core\2.9.9\jackson-core-2.9.9.jar;D:\develop_application\Java\maven_repo\localrepo\javax\servlet\javax.servlet-api\3.1.0\javax.servlet-api-3.1.0.jar;D:\develop_application\Java\maven_repo\localrepo\org\springframework\spring-core\5.1.9.RELEASE\spring-core-5.1.9.RELEASE.jar;D:\develop_application\Java\maven_repo\localrepo\org\springframework\spring-jcl\5.1.9.RELEASE\spring-jcl-5.1.9.RELEASE.jar;D:\develop_application\Java\maven_repo\localrepo\org\springframework\spring-beans\5.1.9.RELEASE\spring-beans-5.1.9.RELEASE.jar;D:\develop_application\Java\maven_repo\localrepo\org\springframework\spring-context\5.1.9.RELEASE\spring-context-5.1.9.RELEASE.jar;D:\develop_application\Java\maven_repo\localrepo\org\springframework\spring-aop\5.1.9.RELEASE\spring-aop-5.1.9.RELEASE.jar;D:\develop_application\Java\maven_repo\localrepo\org\springframework\spring-expression\5.1.9.RELEASE\spring-expression-5.1.9.RELEASE.jar;D:\develop_application\Java\maven_repo\localrepo\org\springframework\spring-jdbc\5.1.9.RELEASE\spring-jdbc-5.1.9.RELEASE.jar;D:\develop_application\Java\maven_repo\localrepo\org\springframework\spring-tx\5.1.9.RELEASE\spring-tx-5.1.9.RELEASE.jar;D:\develop_application\Java\maven_repo\localrepo\org\springframework\spring-web\5.1.9.RELEASE\spring-web-5.1.9.RELEASE.jar;D:\develop_application\Java\maven_repo\localrepo\org\springframework\spring-webmvc\5.1.9.RELEASE\spring-webmvc-5.1.9.RELEASE.jar;D:\develop_application\Java\maven_repo\localrepo\org\springframework\spring-test\5.1.9.RELEASE\spring-test-5.1.9.RELEASE.jar;"/>
    <property name="java.vm.vendor" value="JetBrains s.r.o"/>
    <property name="sun.arch.data.model" value="64"/>
    <property name="user.variant" value=""/>
    <property name="java.vendor.url" value="https://www.jetbrains.com/"/>
    <property name="user.timezone" value="Asia/Shanghai"/>
    <property name="java.vm.specification.version" value="11"/>
    <property name="os.name" value="Windows 10"/>
    <property name="sun.java.launcher" value="SUN_STANDARD"/>
    <property name="user.country" value="CN"/>
    <property name="sun.boot.library.path" value="D:\develop_application\IntelliJ IDEA 2019.2.1\jbr\bin"/>
    <property name="sun.java.command" value="C:\Users\ADMINI~1\AppData\Local\Temp\surefire15265870948084592870\surefirebooter16201566779168093149.jar C:\Users\Administrator\AppData\Local\Temp\surefire15265870948084592870 2019-09-21T22-10-39_325-jvmRun1 surefire5193932307779456732tmp surefire_04006275752431954048tmp"/>
    <property name="jdk.debug" value="release"/>
    <property name="surefire.test.class.path" value="E:\workbench\java\csi_demo\target\test-classes;E:\workbench\java\csi_demo\target\classes;D:\develop_application\Java\maven_repo\localrepo\junit\junit\4.12\junit-4.12.jar;D:\develop_application\Java\maven_repo\localrepo\org\hamcrest\hamcrest-core\1.3\hamcrest-core-1.3.jar;D:\develop_application\Java\maven_repo\localrepo\com\alibaba\fastjson\1.2.61\fastjson-1.2.61.jar;D:\develop_application\Java\maven_repo\localrepo\com\github\pagehelper\pagehelper\5.1.4\pagehelper-5.1.4.jar;D:\develop_application\Java\maven_repo\localrepo\com\github\jsqlparser\jsqlparser\1.0\jsqlparser-1.0.jar;D:\develop_application\Java\maven_repo\localrepo\javax\annotation\javax.annotation-api\1.3.1\javax.annotation-api-1.3.1.jar;D:\develop_application\Java\maven_repo\localrepo\org\slf4j\slf4j-api\1.7.12\slf4j-api-1.7.12.jar;D:\develop_application\Java\maven_repo\localrepo\ch\qos\logback\logback-core\1.1.1\logback-core-1.1.1.jar;D:\develop_application\Java\maven_repo\localrepo\ch\qos\logback\logback-classic\1.1.1\logback-classic-1.1.1.jar;D:\develop_application\Java\maven_repo\localrepo\mysql\mysql-connector-java\8.0.17\mysql-connector-java-8.0.17.jar;D:\develop_application\Java\maven_repo\localrepo\com\google\protobuf\protobuf-java\3.6.1\protobuf-java-3.6.1.jar;D:\develop_application\Java\maven_repo\localrepo\c3p0\c3p0\0.9.1.2\c3p0-0.9.1.2.jar;D:\develop_application\Java\maven_repo\localrepo\org\mybatis\mybatis\3.3.0\mybatis-3.3.0.jar;D:\develop_application\Java\maven_repo\localrepo\org\mybatis\mybatis-spring\1.2.3\mybatis-spring-1.2.3.jar;D:\develop_application\Java\maven_repo\localrepo\taglibs\standard\1.1.2\standard-1.1.2.jar;D:\develop_application\Java\maven_repo\localrepo\jstl\jstl\1.2\jstl-1.2.jar;D:\develop_application\Java\maven_repo\localrepo\com\fasterxml\jackson\core\jackson-databind\2.9.9.3\jackson-databind-2.9.9.3.jar;D:\develop_application\Java\maven_repo\localrepo\com\fasterxml\jackson\core\jackson-annotations\2.9.0\jackson-annotations-2.9.0.jar;D:\develop_application\Java\maven_repo\localrepo\com\fasterxml\jackson\core\jackson-core\2.9.9\jackson-core-2.9.9.jar;D:\develop_application\Java\maven_repo\localrepo\javax\servlet\javax.servlet-api\3.1.0\javax.servlet-api-3.1.0.jar;D:\develop_application\Java\maven_repo\localrepo\org\springframework\spring-core\5.1.9.RELEASE\spring-core-5.1.9.RELEASE.jar;D:\develop_application\Java\maven_repo\localrepo\org\springframework\spring-jcl\5.1.9.RELEASE\spring-jcl-5.1.9.RELEASE.jar;D:\develop_application\Java\maven_repo\localrepo\org\springframework\spring-beans\5.1.9.RELEASE\spring-beans-5.1.9.RELEASE.jar;D:\develop_application\Java\maven_repo\localrepo\org\springframework\spring-context\5.1.9.RELEASE\spring-context-5.1.9.RELEASE.jar;D:\develop_application\Java\maven_repo\localrepo\org\springframework\spring-aop\5.1.9.RELEASE\spring-aop-5.1.9.RELEASE.jar;D:\develop_application\Java\maven_repo\localrepo\org\springframework\spring-expression\5.1.9.RELEASE\spring-expression-5.1.9.RELEASE.jar;D:\develop_application\Java\maven_repo\localrepo\org\springframework\spring-jdbc\5.1.9.RELEASE\spring-jdbc-5.1.9.RELEASE.jar;D:\develop_application\Java\maven_repo\localrepo\org\springframework\spring-tx\5.1.9.RELEASE\spring-tx-5.1.9.RELEASE.jar;D:\develop_application\Java\maven_repo\localrepo\org\springframework\spring-web\5.1.9.RELEASE\spring-web-5.1.9.RELEASE.jar;D:\develop_application\Java\maven_repo\localrepo\org\springframework\spring-webmvc\5.1.9.RELEASE\spring-webmvc-5.1.9.RELEASE.jar;D:\develop_application\Java\maven_repo\localrepo\org\springframework\spring-test\5.1.9.RELEASE\spring-test-5.1.9.RELEASE.jar;"/>
    <property name="sun.cpu.endian" value="little"/>
    <property name="user.home" value="C:\Users\Administrator"/>
    <property name="user.language" value="zh"/>
    <property name="java.specification.vendor" value="Oracle Corporation"/>
    <property name="java.version.date" value="2019-04-16"/>
    <property name="java.home" value="D:\develop_application\IntelliJ IDEA 2019.2.1\jbr"/>
    <property name="idea.version2019.2.1" value="true"/>
    <property name="file.separator" value="\"/>
    <property name="basedir" value="E:\workbench\java\csi_demo"/>
    <property name="java.vm.compressedOopsMode" value="32-bit"/>
    <property name="line.separator" value="&#10;"/>
    <property name="java.specification.name" value="Java Platform API Specification"/>
    <property name="java.vm.specification.vendor" value="Oracle Corporation"/>
    <property name="java.awt.graphicsenv" value="sun.awt.Win32GraphicsEnvironment"/>
    <property name="surefire.real.class.path" value="C:\Users\ADMINI~1\AppData\Local\Temp\surefire15265870948084592870\surefirebooter16201566779168093149.jar"/>
    <property name="user.script" value=""/>
    <property name="sun.management.compiler" value="HotSpot 64-Bit Tiered Compilers"/>
    <property name="java.runtime.version" value="11.0.3+12-b304.39"/>
    <property name="user.name" value="sun-yet"/>
    <property name="path.separator" value=";"/>
    <property name="os.version" value="10.0"/>
    <property name="java.runtime.name" value="OpenJDK Runtime Environment"/>
    <property name="file.encoding" value="GBK"/>
    <property name="java.vm.name" value="OpenJDK 64-Bit Server VM"/>
    <property name="localRepository" value="D:\develop_application\Java\maven_repo\localrepo"/>
    <property name="java.vendor.url.bug" value="https://youtrack.jetbrains.com"/>
    <property name="java.io.tmpdir" value="C:\Users\ADMINI~1\AppData\Local\Temp\"/>
    <property name="java.version" value="11.0.3"/>
    <property name="user.dir" value="E:\workbench\java\csi_demo"/>
    <property name="os.arch" value="amd64"/>
    <property name="java.vm.specification.name" value="Java Virtual Machine Specification"/>
    <property name="java.awt.printerjob" value="sun.awt.windows.WPrinterJob"/>
    <property name="sun.os.patch.level" value=""/>
    <property name="java.library.path" value="D:\develop_application\IntelliJ IDEA 2019.2.1\jbr\bin;C:\Windows\Sun\Java\bin;C:\Windows\system32;C:\Windows;D:\develop_application\OracleXE112_Win32\app\oracle\product\11.2.0\server\bin;;C:\Program Files\NVIDIA GPU Computing Toolkit\CUDA\v10.1\bin;C:\Program Files\NVIDIA GPU Computing Toolkit\CUDA\v10.1\libnvvp;C:\Program Files\NVIDIA Corporation\Nsight Compute 2019.3.0\;C:\Program Files (x86)\NVIDIA Corporation\PhysX\Common;C:\Windows;C:\Windows\system32;C:\Windows\System32\Wbem;C:\Windows\System32\WindowsPowerShell\v1.0\;C:\Windows\System32\OpenSSH\;D:\Anaconda3\;D:\Anaconda3\Scripts;D:\develop_application\Git\cmd;D:\develop_application\Graphviz\bin;D:\develop_application\CodeBlocks\MinGW\bin;D:\develop_application\mysql\mysql-8.0.17-winx64\bin;D:\develop_application\nodeJS\;D:\develop_application\Java\jdk 12.0.2\bin;D:\develop_application\Java\jdk 12.0.2\jre\bin;D:\develop_application\Java\apache-maven-3.6.1\bin;C:\Users\Administrator\AppData\Local\Microsoft\WindowsApps;;D:\develop_application\PyCharm 2019.1.3\bin;;D:\develop_application\WebStorm 2019.1.3\bin;;C:\Users\Administrator\AppData\Local\Programs\Microsoft VS Code\bin;C:\Users\Administrator\AppData\Roaming\npm;D:\develop_application\IntelliJ IDEA 2019.2.1\bin;;."/>
    <property name="java.vendor" value="JetBrains s.r.o"/>
    <property name="java.vm.info" value="mixed mode, sharing"/>
    <property name="java.vm.version" value="11.0.3+12-b304.39"/>
    <property name="sun.io.unicode.encoding" value="UnicodeLittle"/>
    <property name="java.class.version" value="55.0"/>
  </properties>
  <testcase name="testFindNoticeFromInfo" classname="com.csi.service.NoticeServiceTest" time="0.007"/>
  <testcase name="deleteNoticeFromId" classname="com.csi.service.NoticeServiceTest" time="0.016"/>
  <testcase name="testFindUserNameFromId" classname="com.csi.service.NoticeServiceTest" time="0.003"/>
  <testcase name="updateNotice" classname="com.csi.service.NoticeServiceTest" time="0.006"/>
  <testcase name="findNoticeFromId" classname="com.csi.service.NoticeServiceTest" time="0.003"/>
  <testcase name="findNoticeFromInfo" classname="com.csi.service.NoticeServiceTest" time="0.006"/>
  <testcase name="findAllNotice" classname="com.csi.service.NoticeServiceTest" time="0.036"/>
  <testcase name="addNotice" classname="com.csi.service.NoticeServiceTest" time="0.021"/>
  <testcase name="testUpdateNotice" classname="com.csi.service.NoticeServiceTest" time="0.012"/>
  <testcase name="findUserNameFromId" classname="com.csi.service.NoticeServiceTest" time="0.01"/>
  <testcase name="testAddNotice" classname="com.csi.service.NoticeServiceTest" time="0.005"/>
  <testcase name="testDeleteNoticeFromId" classname="com.csi.service.NoticeServiceTest" time="0.003"/>
</testsuite>